Looking for git in: git
Using git 2.17.1 from git
> git rev-parse --show-toplevel
> git config --get commit.template
Open repository: /home/shammael/Documentos/Programing/node/noderest1
> git status -z -u
> git symbolic-ref --short HEAD
> git rev-parse master
> git rev-parse --symbolic-full-name master@{u}
> git rev-list --left-right master...refs/remotes/origin/master
> git for-each-ref --format %(refname) %(objectname) --sort -committerdate
> git remote --verbose
> git check-ignore -z --stdin
> git check-ignore -z --stdin
> git show :app.js
> git check-ignore -z --stdin
> git show :server/routes/usuario.js
> git show :package.json
> git check-ignore -z --stdin
> git show :server/middlewares/authentication.js
> git show :~/.vscode-root/User/snippets/javascript.json
> git check-ignore -z --stdin
> git check-ignore -z --stdin
> git show :server/middlewares/authentication.js
> git show :~/.vscode-root/User/snippets/javascript.json
> git show :server/middlewares/authentication.js
> git show :~/.vscode-root/User/snippets/javascript.json
> git show :server/middlewares/authentication.js
> git status -z -u
> git symbolic-ref --short HEAD
> git rev-parse master
> git rev-parse --symbolic-full-name master@{u}
> git rev-list --left-right master...refs/remotes/origin/master
> git for-each-ref --format %(refname) %(objectname) --sort -committerdate
> git remote --verbose
> git status -z -u
> git symbolic-ref --short HEAD
> git rev-parse master
> git rev-parse --symbolic-full-name master@{u}
> git rev-list --left-right master...refs/remotes/origin/master
> git for-each-ref --format %(refname) %(objectname) --sort -committerdate
> git remote --verbose
> git show :server/routes/usuario.js
